TN:
SF:server\config.js
FNF:0
FNH:0
DA:4,1
DA:5,1
DA:6,1
DA:7,1
LF:4
LH:4
BRDA:10,0,0,1
BRDA:10,0,1,1
BRF:2
BRH:2
end_of_record
TN:
SF:server\controller.js
FN:4,(anonymous_0)
FN:8,(anonymous_1)
FNF:2
FNH:1
FNDA:1,(anonymous_0)
FNDA:0,(anonymous_1)
DA:5,1
DA:9,0
LF:2
LH:1
BRF:0
BRH:0
end_of_record
TN:
SF:server\routes.js
FN:12,routes
FN:49,handleError
FN:61,handler
FN:62,(anonymous_3)
FNF:4
FNH:4
FNDA:8,routes
FNDA:2,handleError
FNDA:8,handler
FNDA:2,(anonymous_3)
DA:9,1
DA:10,1
DA:13,8
DA:14,8
DA:15,1
DA:19,1
DA:21,7
DA:22,1
DA:24,1
DA:26,6
DA:27,1
DA:29,1
DA:32,5
DA:33,4
DA:34,2
DA:35,2
DA:36,1
DA:39,1
DA:42,2
DA:45,1
DA:46,1
DA:50,2
DA:51,1
DA:52,1
DA:53,1
DA:56,1
DA:57,1
DA:58,1
DA:62,8
DA:63,2
LF:30
LH:30
BRDA:14,0,0,1
BRDA:14,0,1,7
BRDA:14,1,0,8
BRDA:14,1,1,7
BRDA:21,2,0,1
BRDA:21,2,1,6
BRDA:21,3,0,7
BRDA:21,3,1,6
BRDA:26,4,0,1
BRDA:26,4,1,5
BRDA:26,5,0,6
BRDA:26,5,1,5
BRDA:32,6,0,4
BRDA:32,6,1,1
BRDA:35,7,0,1
BRDA:35,7,1,1
BRDA:50,8,0,1
BRDA:50,8,1,1
BRF:18
BRH:18
end_of_record
TN:
SF:server\service.js
FN:11,(anonymous_0)
FN:15,(anonymous_1)
FN:26,(anonymous_2)
FNF:3
FNH:0
FNDA:0,(anonymous_0)
FNDA:0,(anonymous_1)
FNDA:0,(anonymous_2)
DA:8,1
DA:12,0
DA:16,0
DA:17,0
DA:18,0
DA:20,0
DA:27,0
DA:28,0
LF:8
LH:1
BRF:0
BRH:0
end_of_record
TN:
SF:server\utils.js
FNF:0
FNH:0
DA:3,1
DA:13,1
LF:2
LH:2
BRF:0
BRH:0
end_of_record
TN:
SF:tests\unit\_util\testUtil.js
FN:5,(anonymous_0)
FN:7,(anonymous_1)
FN:17,(anonymous_2)
FN:19,(anonymous_3)
FN:26,(anonymous_4)
FN:30,(anonymous_5)
FN:45,(anonymous_6)
FNF:7
FNH:4
FNDA:12,(anonymous_0)
FNDA:0,(anonymous_1)
FNDA:8,(anonymous_2)
FNDA:0,(anonymous_3)
FNDA:8,(anonymous_4)
FNDA:0,(anonymous_5)
FNDA:8,(anonymous_6)
DA:6,12
DA:8,0
DA:9,0
DA:12,0
DA:18,8
DA:20,0
DA:21,0
DA:27,8
DA:30,8
DA:32,8
DA:44,8
DA:45,8
LF:12
LH:7
BRF:0
BRH:0
end_of_record
